<?xml version="1.0" encoding="UTF-8"?>
<testng-results ignored="0" total="1" passed="1" failed="0" skipped="0">
  <reporter-output>
  </reporter-output>
  <suite started-at="2022-12-27T13:06:31 IST" name="Suite" finished-at="2022-12-27T13:07:07 IST" duration-ms="35696">
    <groups>
    </groups>
    <test started-at="2022-12-27T13:06:31 IST" name="Test" finished-at="2022-12-27T13:07:07 IST" duration-ms="35696">
      <class name="testCase.TestPage">
        <test-method is-config="true" signature="openBrowser(java.lang.String)[pri:0, instance:testCase.TestPage@1aa7ecca]" started-at="2022-12-27T13:06:31 IST" name="openBrowser" finished-at="2022-12-27T13:06:43 IST" duration-ms="11661" status="PASS">
          <params>
            <param index="0">
              <value>
                <![CDATA[chrome]]>
              </value>
            </param>
          </params>
          <reporter-output>
          </reporter-output>
        </test-method> <!-- openBrowser -->
        <test-method signature="menusLink()[pri:0, instance:testCase.TestPage@1aa7ecca]" started-at="2022-12-27T13:06:43 IST" name="menusLink" finished-at="2022-12-27T13:07:07 IST" duration-ms="23972" status="PASS">
          <reporter-output>
          </reporter-output>
        </test-method> <!-- menusLink -->
      </class> <!-- testCase.TestPage -->
    </test> <!-- Test -->
  </suite> <!-- Suite -->
</testng-results>
