<?xml version="1.0" encoding="UTF-8"?>
<testng-results ignored="0" total="1" passed="1" failed="0" skipped="0">
  <reporter-output>
  </reporter-output>
  <suite started-at="2023-01-25T14:41:30 IST" name="Suite" finished-at="2023-01-25T14:42:24 IST" duration-ms="54004">
    <groups>
    </groups>
    <test started-at="2023-01-25T14:41:30 IST" name="Test" finished-at="2023-01-25T14:42:24 IST" duration-ms="54004">
      <class name="testCase.TestPage">
        <test-method is-config="true" signature="openBrowser(java.lang.String)[pri:0, instance:testCase.TestPage@36bc55de]" started-at="2023-01-25T14:41:30 IST" name="openBrowser" finished-at="2023-01-25T14:41:43 IST" duration-ms="12289" status="PASS">
          <params>
            <param index="0">
              <value>
                <![CDATA[chrome]]>
              </value>
            </param>
          </params>
          <reporter-output>
          </reporter-output>
        </test-method> <!-- openBrowser -->
        <test-method is-config="true" signature="display1()[pri:0, instance:testCase.TestPage@36bc55de]" started-at="2023-01-25T14:41:43 IST" name="display1" finished-at="2023-01-25T14:41:43 IST" duration-ms="400" status="PASS">
          <reporter-output>
          </reporter-output>
        </test-method> <!-- display1 -->
        <test-method signature="menusLink()[pri:0, instance:testCase.TestPage@36bc55de]" started-at="2023-01-25T14:41:43 IST" name="menusLink" description="isaEnergy" finished-at="2023-01-25T14:42:23 IST" duration-ms="40071" status="PASS">
          <reporter-output>
          </reporter-output>
        </test-method> <!-- menusLink -->
        <test-method is-config="true" signature="display2()[pri:0, instance:testCase.TestPage@36bc55de]" started-at="2023-01-25T14:42:23 IST" name="display2" finished-at="2023-01-25T14:42:24 IST" duration-ms="559" status="PASS">
          <reporter-output>
          </reporter-output>
        </test-method> <!-- display2 -->
        <test-method is-config="true" signature="close()[pri:0, instance:testCase.TestPage@36bc55de]" started-at="2023-01-25T14:42:24 IST" name="close" finished-at="2023-01-25T14:42:24 IST" duration-ms="592" status="PASS">
          <reporter-output>
          </reporter-output>
        </test-method> <!-- close -->
      </class> <!-- testCase.TestPage -->
    </test> <!-- Test -->
  </suite> <!-- Suite -->
</testng-results>
